# JRE version: OpenJDK Runtime Environment Temurin-21.0.9+10 (21.0.9+10) (build 21.0.9+10-LTS)
# Java VM: OpenJDK 64-Bit Server VM Temurin-21.0.9+10 (21.0.9+10-LTS, mixed mode, sharing, tiered, compressed oops, compressed class ptrs, parallel gc, windows-amd64)
GC Precious Log:
 CardTable entry size: 512
 CPUs: 8 total, 8 available
 Memory: 16064M
 Large Page Support: Disabled
 NUMA Support: Disabled
 Compressed Oops: Enabled (32-bit)
 Alignments: Space 512K, Generation 512K, Heap 2M
 Heap Min Capacity: 100M
 Heap Initial Capacity: 100M
 Heap Max Capacity: 2G
 Pre-touch: Disabled
 Parallel Workers: 8
Heap:
 PSYoungGen      total 4096K, used 1462K [0x00000000d5580000, 0x00000000d5b80000, 0x0000000100000000)
  eden space 3072K, 40% used [0x00000000d5580000,0x00000000d56b58c8,0x00000000d5880000)
  from space 1024K, 21% used [0x00000000d5980000,0x00000000d59b8000,0x00000000d5a80000)
  to   space 512K, 0% used [0x00000000d5b00000,0x00000000d5b00000,0x00000000d5b80000)
 ParOldGen       total 275968K, used 275577K [0x0000000080000000, 0x0000000090d80000, 0x00000000d5580000)
  object space 275968K, 99% used [0x0000000080000000,0x0000000090d1e5d0,0x0000000090d80000)
 Metaspace       used 72022K, committed 73728K, reserved 1179648K
  class space    used 7603K, committed 8320K, reserved 1048576K
GC Heap History (20 events):
Event: 336.743 GC heap before
{Heap before GC invocations=127 (full 3):
 PSYoungGen      total 1536K, used 1248K [0x00000000d5580000, 0x00000000d5c80000, 0x0000000100000000)
  eden space 1024K, 100% used [0x00000000d5580000,0x00000000d5680000,0x00000000d5680000)
  from space 512K, 43% used [0x00000000d5680000,0x00000000d56b8000,0x00000000d5700000)
  to   space 2048K, 0% used [0x00000000d5a80000,0x00000000d5a80000,0x00000000d5c80000)
 ParOldGen       total 265728K, used 264585K [0x0000000080000000, 0x0000000090380000, 0x00000000d5580000)
  object space 265728K, 99% used [0x0000000080000000,0x0000000090262760,0x0000000090380000)
 Metaspace       used 71628K, committed 73280K, reserved 1179648K
  class space    used 7574K, committed 8256K, reserved 1048576K
}
Event: 336.746 GC heap after
{Heap after GC invocations=127 (full 3):
 PSYoungGen      total 2048K, used 1015K [0x00000000d5580000, 0x00000000d5b80000, 0x0000000100000000)
  eden space 1024K, 0% used [0x00000000d5580000,0x00000000d5580000,0x00000000d5680000)
  from space 1024K, 99% used [0x00000000d5a80000,0x00000000d5b7de70,0x00000000d5b80000)
  to   space 1536K, 0% used [0x00000000d5880000,0x00000000d5880000,0x00000000d5a00000)
 ParOldGen       total 265728K, used 264633K [0x0000000080000000, 0x0000000090380000, 0x00000000d5580000)
  object space 265728K, 99% used [0x0000000080000000,0x000000009026e760,0x0000000090380000)
 Metaspace       used 71628K, committed 73280K, reserved 1179648K
  class space    used 7574K, committed 8256K, reserved 1048576K
}
Event: 336.750 GC heap before
{Heap before GC invocations=128 (full 3):
 PSYoungGen      total 2048K, used 2039K [0x00000000d5580000, 0x00000000d5b80000, 0x0000000100000000)
  eden space 1024K, 99% used [0x00000000d5580000,0x00000000d567ffc8,0x00000000d5680000)
  from space 1024K, 99% used [0x00000000d5a80000,0x00000000d5b7de70,0x00000000d5b80000)
  to   space 1536K, 0% used [0x00000000d5880000,0x00000000d5880000,0x00000000d5a00000)
 ParOldGen       total 265728K, used 264633K [0x0000000080000000, 0x0000000090380000, 0x00000000d5580000)
  object space 265728K, 99% used [0x0000000080000000,0x000000009026e760,0x0000000090380000)
 Metaspace       used 71628K, committed 73280K, reserved 1179648K
  class space    used 7574K, committed 8256K, reserved 1048576K
}
Event: 336.754 GC heap after
{Heap after GC invocations=128 (full 3):
 PSYoungGen      total 3072K, used 1120K [0x00000000d5580000, 0x00000000d5b00000, 0x0000000100000000)
  eden space 1536K, 0% used [0x00000000d5580000,0x00000000d5580000,0x00000000d5700000)
  from space 1536K, 72% used [0x00000000d5880000,0x00000000d5998000,0x00000000d5a00000)
  to   space 1024K, 0% used [0x00000000d5a00000,0x00000000d5a00000,0x00000000d5b00000)
 ParOldGen       total 265728K, used 265617K [0x0000000080000000, 0x0000000090380000, 0x00000000d5580000)
  object space 265728K, 99% used [0x0000000080000000,0x00000000903645d0,0x0000000090380000)
 Metaspace       used 71628K, committed 73280K, reserved 1179648K
  class space    used 7574K, committed 8256K, reserved 1048576K
}
Event: 336.764 GC heap before
{Heap before GC invocations=129 (full 3):
 PSYoungGen      total 3072K, used 2656K [0x00000000d5580000, 0x00000000d5b00000, 0x0000000100000000)
  eden space 1536K, 100% used [0x00000000d5580000,0x00000000d5700000,0x00000000d5700000)
  from space 1536K, 72% used [0x00000000d5880000,0x00000000d5998000,0x00000000d5a00000)
  to   space 1024K, 0% used [0x00000000d5a00000,0x00000000d5a00000,0x00000000d5b00000)
 ParOldGen       total 265728K, used 265617K [0x0000000080000000, 0x0000000090380000, 0x00000000d5580000)
  object space 265728K, 99% used [0x0000000080000000,0x00000000903645d0,0x0000000090380000)
 Metaspace       used 71628K, committed 73280K, reserved 1179648K
  class space    used 7574K, committed 8256K, reserved 1048576K
}
Event: 336.770 GC heap after
{Heap after GC invocations=129 (full 3):
 PSYoungGen      total 2560K, used 1024K [0x00000000d5580000, 0x00000000d5d80000, 0x0000000100000000)
  eden space 1536K, 0% used [0x00000000d5580000,0x00000000d5580000,0x00000000d5700000)
  from space 1024K, 100% used [0x00000000d5a00000,0x00000000d5b00000,0x00000000d5b00000)
  to   space 3072K, 0% used [0x00000000d5700000,0x00000000d5700000,0x00000000d5a00000)
 ParOldGen       total 267264K, used 267113K [0x0000000080000000, 0x0000000090500000, 0x00000000d5580000)
  object space 267264K, 99% used [0x0000000080000000,0x00000000904da5d0,0x0000000090500000)
 Metaspace       used 71628K, committed 73280K, reserved 1179648K
  class space    used 7574K, committed 8256K, reserved 1048576K
}
Event: 336.779 GC heap before
{Heap before GC invocations=130 (full 3):
 PSYoungGen      total 2560K, used 2560K [0x00000000d5580000, 0x00000000d5d80000, 0x0000000100000000)
  eden space 1536K, 100% used [0x00000000d5580000,0x00000000d5700000,0x00000000d5700000)
  from space 1024K, 100% used [0x00000000d5a00000,0x00000000d5b00000,0x00000000d5b00000)
  to   space 3072K, 0% used [0x00000000d5700000,0x00000000d5700000,0x00000000d5a00000)
 ParOldGen       total 267264K, used 267113K [0x0000000080000000, 0x0000000090500000, 0x00000000d5580000)
  object space 267264K, 99% used [0x0000000080000000,0x00000000904da5d0,0x0000000090500000)
 Metaspace       used 71628K, committed 73280K, reserved 1179648K
  class space    used 7574K, committed 8256K, reserved 1048576K
}
Event: 336.783 GC heap after
{Heap after GC invocations=130 (full 3):
 PSYoungGen      total 3584K, used 1632K [0x00000000d5580000, 0x00000000d5b80000, 0x0000000100000000)
  eden space 1536K, 0% used [0x00000000d5580000,0x00000000d5580000,0x00000000d5700000)
  from space 2048K, 79% used [0x00000000d5700000,0x00000000d5898000,0x00000000d5900000)
  to   space 2048K, 0% used [0x00000000d5980000,0x00000000d5980000,0x00000000d5b80000)
 ParOldGen       total 268288K, used 268177K [0x0000000080000000, 0x0000000090600000, 0x00000000d5580000)
  object space 268288K, 99% used [0x0000000080000000,0x00000000905e45d0,0x0000000090600000)
 Metaspace       used 71628K, committed 73280K, reserved 1179648K
  class space    used 7574K, committed 8256K, reserved 1048576K
}
Event: 336.791 GC heap before
{Heap before GC invocations=131 (full 3):
 PSYoungGen      total 3584K, used 3168K [0x00000000d5580000, 0x00000000d5b80000, 0x0000000100000000)
  eden space 1536K, 100% used [0x00000000d5580000,0x00000000d5700000,0x00000000d5700000)
  from space 2048K, 79% used [0x00000000d5700000,0x00000000d5898000,0x00000000d5900000)
  to   space 2048K, 0% used [0x00000000d5980000,0x00000000d5980000,0x00000000d5b80000)
 ParOldGen       total 268288K, used 268177K [0x0000000080000000, 0x0000000090600000, 0x00000000d5580000)
  object space 268288K, 99% used [0x0000000080000000,0x00000000905e45d0,0x0000000090600000)
 Metaspace       used 71628K, committed 73280K, reserved 1179648K
  class space    used 7574K, committed 8256K, reserved 1048576K
}
Event: 336.796 GC heap after
{Heap after GC invocations=131 (full 3):
 PSYoungGen      total 4096K, used 1632K [0x00000000d5580000, 0x00000000d5b80000, 0x0000000100000000)
  eden space 2048K, 0% used [0x00000000d5580000,0x00000000d5580000,0x00000000d5780000)
  from space 2048K, 79% used [0x00000000d5980000,0x00000000d5b18000,0x00000000d5b80000)
  to   space 2048K, 0% used [0x00000000d5780000,0x00000000d5780000,0x00000000d5980000)
 ParOldGen       total 269824K, used 269721K [0x0000000080000000, 0x0000000090780000, 0x00000000d5580000)
  object space 269824K, 99% used [0x0000000080000000,0x00000000907665d0,0x0000000090780000)
 Metaspace       used 71628K, committed 73280K, reserved 1179648K
  class space    used 7574K, committed 8256K, reserved 1048576K
}
Event: 336.805 GC heap before
{Heap before GC invocations=132 (full 3):
 PSYoungGen      total 4096K, used 3665K [0x00000000d5580000, 0x00000000d5b80000, 0x0000000100000000)
  eden space 2048K, 99% used [0x00000000d5580000,0x00000000d577c620,0x00000000d5780000)
  from space 2048K, 79% used [0x00000000d5980000,0x00000000d5b18000,0x00000000d5b80000)
  to   space 2048K, 0% used [0x00000000d5780000,0x00000000d5780000,0x00000000d5980000)
 ParOldGen       total 269824K, used 269721K [0x0000000080000000, 0x0000000090780000, 0x00000000d5580000)
  object space 269824K, 99% used [0x0000000080000000,0x00000000907665d0,0x0000000090780000)
 Metaspace       used 71628K, committed 73280K, reserved 1179648K
  class space    used 7574K, committed 8256K, reserved 1048576K
}
Event: 336.811 GC heap after
{Heap after GC invocations=132 (full 3):
 PSYoungGen      total 4096K, used 2024K [0x00000000d5580000, 0x00000000d6000000, 0x0000000100000000)
  eden space 2048K, 0% used [0x00000000d5580000,0x00000000d5580000,0x00000000d5780000)
  from space 2048K, 98% used [0x00000000d5780000,0x00000000d597a000,0x00000000d5980000)
  to   space 4096K, 0% used [0x00000000d5c00000,0x00000000d5c00000,0x00000000d6000000)
 ParOldGen       total 271360K, used 271273K [0x0000000080000000, 0x0000000090900000, 0x00000000d5580000)
  object space 271360K, 99% used [0x0000000080000000,0x00000000908ea5d0,0x0000000090900000)
 Metaspace       used 71628K, committed 73280K, reserved 1179648K
  class space    used 7574K, committed 8256K, reserved 1048576K
}
Event: 336.854 GC heap before
{Heap before GC invocations=133 (full 3):
 PSYoungGen      total 4096K, used 4072K [0x00000000d5580000, 0x00000000d6000000, 0x0000000100000000)
  eden space 2048K, 100% used [0x00000000d5580000,0x00000000d5780000,0x00000000d5780000)
  from space 2048K, 98% used [0x00000000d5780000,0x00000000d597a000,0x00000000d5980000)
  to   space 4096K, 0% used [0x00000000d5c00000,0x00000000d5c00000,0x00000000d6000000)
 ParOldGen       total 271360K, used 271273K [0x0000000080000000, 0x0000000090900000, 0x00000000d5580000)
  object space 271360K, 99% used [0x0000000080000000,0x00000000908ea5d0,0x0000000090900000)
 Metaspace       used 71628K, committed 73280K, reserved 1179648K
  class space    used 7574K, committed 8256K, reserved 1048576K
}
Event: 336.861 GC heap after
{Heap after GC invocations=133 (full 3):
 PSYoungGen      total 4608K, used 1696K [0x00000000d5580000, 0x00000000d5e00000, 0x0000000100000000)
  eden space 2560K, 0% used [0x00000000d5580000,0x00000000d5580000,0x00000000d5800000)
  from space 2048K, 82% used [0x00000000d5c00000,0x00000000d5da8000,0x00000000d5e00000)
  to   space 2560K, 0% used [0x00000000d5900000,0x00000000d5900000,0x00000000d5b80000)
 ParOldGen       total 273408K, used 273041K [0x0000000080000000, 0x0000000090b00000, 0x00000000d5580000)
  object space 273408K, 99% used [0x0000000080000000,0x0000000090aa45d0,0x0000000090b00000)
 Metaspace       used 71628K, committed 73280K, reserved 1179648K
  class space    used 7574K, committed 8256K, reserved 1048576K
}
Event: 337.846 GC heap before
{Heap before GC invocations=134 (full 3):
 PSYoungGen      total 4608K, used 4255K [0x00000000d5580000, 0x00000000d5e00000, 0x0000000100000000)
  eden space 2560K, 99% used [0x00000000d5580000,0x00000000d57ffef8,0x00000000d5800000)
  from space 2048K, 82% used [0x00000000d5c00000,0x00000000d5da8000,0x00000000d5e00000)
  to   space 2560K, 0% used [0x00000000d5900000,0x00000000d5900000,0x00000000d5b80000)
 ParOldGen       total 273408K, used 273041K [0x0000000080000000, 0x0000000090b00000, 0x00000000d5580000)
  object space 273408K, 99% used [0x0000000080000000,0x0000000090aa45d0,0x0000000090b00000)
 Metaspace       used 71631K, committed 73280K, reserved 1179648K
  class space    used 7574K, committed 8256K, reserved 1048576K
}
Event: 337.851 GC heap after
{Heap after GC invocations=134 (full 3):
 PSYoungGen      total 5120K, used 1748K [0x00000000d5580000, 0x00000000d5c80000, 0x0000000100000000)
  eden space 3072K, 0% used [0x00000000d5580000,0x00000000d5580000,0x00000000d5880000)
  from space 2048K, 85% used [0x00000000d5900000,0x00000000d5ab5200,0x00000000d5b00000)
  to   space 1536K, 0% used [0x00000000d5b00000,0x00000000d5b00000,0x00000000d5c80000)
 ParOldGen       total 274432K, used 274025K [0x0000000080000000, 0x0000000090c00000, 0x00000000d5580000)
  object space 274432K, 99% used [0x0000000080000000,0x0000000090b9a5d0,0x0000000090c00000)
 Metaspace       used 71631K, committed 73280K, reserved 1179648K
  class space    used 7574K, committed 8256K, reserved 1048576K
}
Event: 337.873 GC heap before
{Heap before GC invocations=135 (full 3):
 PSYoungGen      total 5120K, used 4820K [0x00000000d5580000, 0x00000000d5c80000, 0x0000000100000000)
  eden space 3072K, 100% used [0x00000000d5580000,0x00000000d5880000,0x00000000d5880000)
  from space 2048K, 85% used [0x00000000d5900000,0x00000000d5ab5200,0x00000000d5b00000)
  to   space 1536K, 0% used [0x00000000d5b00000,0x00000000d5b00000,0x00000000d5c80000)
 ParOldGen       total 274432K, used 274025K [0x0000000080000000, 0x0000000090c00000, 0x00000000d5580000)
  object space 274432K, 99% used [0x0000000080000000,0x0000000090b9a5d0,0x0000000090c00000)
 Metaspace       used 71641K, committed 73280K, reserved 1179648K
  class space    used 7574K, committed 8256K, reserved 1048576K
}
Event: 337.877 GC heap after
{Heap after GC invocations=135 (full 3):
 PSYoungGen      total 3584K, used 410K [0x00000000d5580000, 0x00000000d5b80000, 0x0000000100000000)
  eden space 3072K, 0% used [0x00000000d5580000,0x00000000d5580000,0x00000000d5880000)
  from space 512K, 80% used [0x00000000d5b00000,0x00000000d5b66900,0x00000000d5b80000)
  to   space 1024K, 0% used [0x00000000d5980000,0x00000000d5980000,0x00000000d5a80000)
 ParOldGen       total 275968K, used 275561K [0x0000000080000000, 0x0000000090d80000, 0x00000000d5580000)
  object space 275968K, 99% used [0x0000000080000000,0x0000000090d1a5d0,0x0000000090d80000)
 Metaspace       used 71641K, committed 73280K, reserved 1179648K
  class space    used 7574K, committed 8256K, reserved 1048576K
}
Event: 376.364 GC heap before
{Heap before GC invocations=136 (full 3):
 PSYoungGen      total 3584K, used 3482K [0x00000000d5580000, 0x00000000d5b80000, 0x0000000100000000)
  eden space 3072K, 100% used [0x00000000d5580000,0x00000000d5880000,0x00000000d5880000)
  from space 512K, 80% used [0x00000000d5b00000,0x00000000d5b66900,0x00000000d5b80000)
  to   space 1024K, 0% used [0x00000000d5980000,0x00000000d5980000,0x00000000d5a80000)
 ParOldGen       total 275968K, used 275561K [0x0000000080000000, 0x0000000090d80000, 0x00000000d5580000)
  object space 275968K, 99% used [0x0000000080000000,0x0000000090d1a5d0,0x0000000090d80000)
 Metaspace       used 71919K, committed 73600K, reserved 1179648K
  class space    used 7603K, committed 8320K, reserved 1048576K
}
Event: 376.366 GC heap after
{Heap after GC invocations=136 (full 3):
 PSYoungGen      total 4096K, used 224K [0x00000000d5580000, 0x00000000d5b80000, 0x0000000100000000)
  eden space 3072K, 0% used [0x00000000d5580000,0x00000000d5580000,0x00000000d5880000)
  from space 1024K, 21% used [0x00000000d5980000,0x00000000d59b8000,0x00000000d5a80000)
  to   space 512K, 0% used [0x00000000d5b00000,0x00000000d5b00000,0x00000000d5b80000)
 ParOldGen       total 275968K, used 275577K [0x0000000080000000, 0x0000000090d80000, 0x00000000d5580000)
  object space 275968K, 99% used [0x0000000080000000,0x0000000090d1e5d0,0x0000000090d80000)
 Metaspace       used 71919K, committed 73600K, reserved 1179648K
  class space    used 7603K, committed 8320K, reserved 1048576K
}

