# JRE version: OpenJDK Runtime Environment Temurin-21.0.10+7 (21.0.10+7) (build 21.0.10+7-LTS)
# Java VM: OpenJDK 64-Bit Server VM Temurin-21.0.10+7 (21.0.10+7-LTS, mixed mode, sharing, tiered, compressed oops, compressed class ptrs, parallel gc, windows-amd64)
GC Precious Log:
 CardTable entry size: 512
 CPUs: 8 total, 8 available
 Memory: 16112M
 Large Page Support: Disabled
 NUMA Support: Disabled
 Compressed Oops: Enabled (32-bit)
 Alignments: Space 512K, Generation 512K, Heap 2M
 Heap Min Capacity: 100M
 Heap Initial Capacity: 100M
 Heap Max Capacity: 2G
 Pre-touch: Disabled
 Parallel Workers: 8
Heap:
 PSYoungGen      total 8192K, used 1897K [0x00000000d5580000, 0x00000000d6180000, 0x0000000100000000)
  eden space 7680K, 22% used [0x00000000d5580000,0x00000000d572a498,0x00000000d5d00000)
  from space 512K, 37% used [0x00000000d6100000,0x00000000d6130000,0x00000000d6180000)
  to   space 512K, 0% used [0x00000000d6080000,0x00000000d6080000,0x00000000d6100000)
 ParOldGen       total 1334272K, used 1334001K [0x0000000080000000, 0x00000000d1700000, 0x00000000d5580000)
  object space 1334272K, 99% used [0x0000000080000000,0x00000000d16bc778,0x00000000d1700000)
 Metaspace       used 89547K, committed 91456K, reserved 1179648K
  class space    used 8925K, committed 9856K, reserved 1048576K
GC Heap History (20 events):
Event: 8989.475 GC heap before
{Heap before GC invocations=3336 (full 8):
 PSYoungGen      total 13824K, used 13800K [0x00000000d5580000, 0x00000000d6b80000, 0x0000000100000000)
  eden space 7680K, 100% used [0x00000000d5580000,0x00000000d5d00000,0x00000000d5d00000)
  from space 6144K, 99% used [0x00000000d6580000,0x00000000d6b7a020,0x00000000d6b80000)
  to   space 6656K, 0% used [0x00000000d5e80000,0x00000000d5e80000,0x00000000d6500000)
 ParOldGen       total 1270272K, used 1269102K [0x0000000080000000, 0x00000000cd880000, 0x00000000d5580000)
  object space 1270272K, 99% used [0x0000000080000000,0x00000000cd75bbe8,0x00000000cd880000)
 Metaspace       used 89529K, committed 91456K, reserved 1179648K
  class space    used 8925K, committed 9856K, reserved 1048576K
}
Event: 8989.480 GC heap after
{Heap after GC invocations=3336 (full 8):
 PSYoungGen      total 10752K, used 2681K [0x00000000d5580000, 0x00000000d6600000, 0x0000000100000000)
  eden space 7680K, 0% used [0x00000000d5580000,0x00000000d5580000,0x00000000d5d00000)
  from space 3072K, 87% used [0x00000000d5e80000,0x00000000d611e420,0x00000000d6180000)
  to   space 4096K, 0% used [0x00000000d6200000,0x00000000d6200000,0x00000000d6600000)
 ParOldGen       total 1274368K, used 1274251K [0x0000000080000000, 0x00000000cdc80000, 0x00000000d5580000)
  object space 1274368K, 99% used [0x0000000080000000,0x00000000cdc62c08,0x00000000cdc80000)
 Metaspace       used 89529K, committed 91456K, reserved 1179648K
  class space    used 8925K, committed 9856K, reserved 1048576K
}
Event: 8989.580 GC heap before
{Heap before GC invocations=3337 (full 8):
 PSYoungGen      total 10752K, used 10361K [0x00000000d5580000, 0x00000000d6600000, 0x0000000100000000)
  eden space 7680K, 100% used [0x00000000d5580000,0x00000000d5d00000,0x00000000d5d00000)
  from space 3072K, 87% used [0x00000000d5e80000,0x00000000d611e420,0x00000000d6180000)
  to   space 4096K, 0% used [0x00000000d6200000,0x00000000d6200000,0x00000000d6600000)
 ParOldGen       total 1329664K, used 1328011K [0x0000000080000000, 0x00000000d1280000, 0x00000000d5580000)
  object space 1329664K, 99% used [0x0000000080000000,0x00000000d10e2c58,0x00000000d1280000)
 Metaspace       used 89529K, committed 91456K, reserved 1179648K
  class space    used 8925K, committed 9856K, reserved 1048576K
}
Event: 8989.584 GC heap after
{Heap after GC invocations=3337 (full 8):
 PSYoungGen      total 8192K, used 480K [0x00000000d5580000, 0x00000000d6280000, 0x0000000100000000)
  eden space 7680K, 0% used [0x00000000d5580000,0x00000000d5580000,0x00000000d5d00000)
  from space 512K, 93% used [0x00000000d6200000,0x00000000d6278000,0x00000000d6280000)
  to   space 1536K, 0% used [0x00000000d5f80000,0x00000000d5f80000,0x00000000d6100000)
 ParOldGen       total 1330688K, used 1330516K [0x0000000080000000, 0x00000000d1380000, 0x00000000d5580000)
  object space 1330688K, 99% used [0x0000000080000000,0x00000000d1355088,0x00000000d1380000)
 Metaspace       used 89529K, committed 91456K, reserved 1179648K
  class space    used 8925K, committed 9856K, reserved 1048576K
}
Event: 9103.096 GC heap before
{Heap before GC invocations=3338 (full 8):
 PSYoungGen      total 8192K, used 8160K [0x00000000d5580000, 0x00000000d6280000, 0x0000000100000000)
  eden space 7680K, 100% used [0x00000000d5580000,0x00000000d5d00000,0x00000000d5d00000)
  from space 512K, 93% used [0x00000000d6200000,0x00000000d6278000,0x00000000d6280000)
  to   space 1536K, 0% used [0x00000000d5f80000,0x00000000d5f80000,0x00000000d6100000)
 ParOldGen       total 1330688K, used 1330516K [0x0000000080000000, 0x00000000d1380000, 0x00000000d5580000)
  object space 1330688K, 99% used [0x0000000080000000,0x00000000d1355088,0x00000000d1380000)
 Metaspace       used 89529K, committed 91456K, reserved 1179648K
  class space    used 8925K, committed 9856K, reserved 1048576K
}
Event: 9103.099 GC heap after
{Heap after GC invocations=3338 (full 8):
 PSYoungGen      total 9216K, used 681K [0x00000000d5580000, 0x00000000d6280000, 0x0000000100000000)
  eden space 7680K, 0% used [0x00000000d5580000,0x00000000d5580000,0x00000000d5d00000)
  from space 1536K, 44% used [0x00000000d5f80000,0x00000000d602a440,0x00000000d6100000)
  to   space 1024K, 0% used [0x00000000d6180000,0x00000000d6180000,0x00000000d6280000)
 ParOldGen       total 1331200K, used 1330962K [0x0000000080000000, 0x00000000d1400000, 0x00000000d5580000)
  object space 1331200K, 99% used [0x0000000080000000,0x00000000d13c4a98,0x00000000d1400000)
 Metaspace       used 89529K, committed 91456K, reserved 1179648K
  class space    used 8925K, committed 9856K, reserved 1048576K
}
Event: 9103.493 GC heap before
{Heap before GC invocations=3339 (full 8):
 PSYoungGen      total 9216K, used 8361K [0x00000000d5580000, 0x00000000d6280000, 0x0000000100000000)
  eden space 7680K, 100% used [0x00000000d5580000,0x00000000d5d00000,0x00000000d5d00000)
  from space 1536K, 44% used [0x00000000d5f80000,0x00000000d602a440,0x00000000d6100000)
  to   space 1024K, 0% used [0x00000000d6180000,0x00000000d6180000,0x00000000d6280000)
 ParOldGen       total 1331200K, used 1330962K [0x0000000080000000, 0x00000000d1400000, 0x00000000d5580000)
  object space 1331200K, 99% used [0x0000000080000000,0x00000000d13c4a98,0x00000000d1400000)
 Metaspace       used 89531K, committed 91456K, reserved 1179648K
  class space    used 8925K, committed 9856K, reserved 1048576K
}
Event: 9103.495 GC heap after
{Heap after GC invocations=3339 (full 8):
 PSYoungGen      total 8704K, used 841K [0x00000000d5580000, 0x00000000d6280000, 0x0000000100000000)
  eden space 7680K, 0% used [0x00000000d5580000,0x00000000d5580000,0x00000000d5d00000)
  from space 1024K, 82% used [0x00000000d6180000,0x00000000d6252400,0x00000000d6280000)
  to   space 1024K, 0% used [0x00000000d6080000,0x00000000d6080000,0x00000000d6180000)
 ParOldGen       total 1331712K, used 1331507K [0x0000000080000000, 0x00000000d1480000, 0x00000000d5580000)
  object space 1331712K, 99% used [0x0000000080000000,0x00000000d144cee8,0x00000000d1480000)
 Metaspace       used 89531K, committed 91456K, reserved 1179648K
  class space    used 8925K, committed 9856K, reserved 1048576K
}
Event: 9103.503 GC heap before
{Heap before GC invocations=3340 (full 8):
 PSYoungGen      total 8704K, used 8521K [0x00000000d5580000, 0x00000000d6280000, 0x0000000100000000)
  eden space 7680K, 100% used [0x00000000d5580000,0x00000000d5d00000,0x00000000d5d00000)
  from space 1024K, 82% used [0x00000000d6180000,0x00000000d6252400,0x00000000d6280000)
  to   space 1024K, 0% used [0x00000000d6080000,0x00000000d6080000,0x00000000d6180000)
 ParOldGen       total 1331712K, used 1331507K [0x0000000080000000, 0x00000000d1480000, 0x00000000d5580000)
  object space 1331712K, 99% used [0x0000000080000000,0x00000000d144cee8,0x00000000d1480000)
 Metaspace       used 89531K, committed 91456K, reserved 1179648K
  class space    used 8925K, committed 9856K, reserved 1048576K
}
Event: 9103.504 GC heap after
{Heap after GC invocations=3340 (full 8):
 PSYoungGen      total 8704K, used 752K [0x00000000d5580000, 0x00000000d6200000, 0x0000000100000000)
  eden space 7680K, 0% used [0x00000000d5580000,0x00000000d5580000,0x00000000d5d00000)
  from space 1024K, 73% used [0x00000000d6080000,0x00000000d613c010,0x00000000d6180000)
  to   space 512K, 0% used [0x00000000d6180000,0x00000000d6180000,0x00000000d6200000)
 ParOldGen       total 1332736K, used 1332224K [0x0000000080000000, 0x00000000d1580000, 0x00000000d5580000)
  object space 1332736K, 99% used [0x0000000080000000,0x00000000d1500318,0x00000000d1580000)
 Metaspace       used 89531K, committed 91456K, reserved 1179648K
  class space    used 8925K, committed 9856K, reserved 1048576K
}
Event: 9103.513 GC heap before
{Heap before GC invocations=3341 (full 8):
 PSYoungGen      total 8704K, used 8432K [0x00000000d5580000, 0x00000000d6200000, 0x0000000100000000)
  eden space 7680K, 100% used [0x00000000d5580000,0x00000000d5d00000,0x00000000d5d00000)
  from space 1024K, 73% used [0x00000000d6080000,0x00000000d613c010,0x00000000d6180000)
  to   space 512K, 0% used [0x00000000d6180000,0x00000000d6180000,0x00000000d6200000)
 ParOldGen       total 1332736K, used 1332224K [0x0000000080000000, 0x00000000d1580000, 0x00000000d5580000)
  object space 1332736K, 99% used [0x0000000080000000,0x00000000d1500318,0x00000000d1580000)
 Metaspace       used 89531K, committed 91456K, reserved 1179648K
  class space    used 8925K, committed 9856K, reserved 1048576K
}
Event: 9103.516 GC heap after
{Heap after GC invocations=3341 (full 8):
 PSYoungGen      total 8192K, used 489K [0x00000000d5580000, 0x00000000d6200000, 0x0000000100000000)
  eden space 7680K, 0% used [0x00000000d5580000,0x00000000d5580000,0x00000000d5d00000)
  from space 512K, 95% used [0x00000000d6180000,0x00000000d61fa400,0x00000000d6200000)
  to   space 2048K, 0% used [0x00000000d5e00000,0x00000000d5e00000,0x00000000d6000000)
 ParOldGen       total 1333248K, used 1333224K [0x0000000080000000, 0x00000000d1600000, 0x00000000d5580000)
  object space 1333248K, 99% used [0x0000000080000000,0x00000000d15fa378,0x00000000d1600000)
 Metaspace       used 89531K, committed 91456K, reserved 1179648K
  class space    used 8925K, committed 9856K, reserved 1048576K
}
Event: 17275.969 GC heap before
{Heap before GC invocations=3342 (full 8):
 PSYoungGen      total 8192K, used 8169K [0x00000000d5580000, 0x00000000d6200000, 0x0000000100000000)
  eden space 7680K, 100% used [0x00000000d5580000,0x00000000d5d00000,0x00000000d5d00000)
  from space 512K, 95% used [0x00000000d6180000,0x00000000d61fa400,0x00000000d6200000)
  to   space 2048K, 0% used [0x00000000d5e00000,0x00000000d5e00000,0x00000000d6000000)
 ParOldGen       total 1333248K, used 1333224K [0x0000000080000000, 0x00000000d1600000, 0x00000000d5580000)
  object space 1333248K, 99% used [0x0000000080000000,0x00000000d15fa378,0x00000000d1600000)
 Metaspace       used 89541K, committed 91456K, reserved 1179648K
  class space    used 8925K, committed 9856K, reserved 1048576K
}
Event: 17275.975 GC heap after
{Heap after GC invocations=3342 (full 8):
 PSYoungGen      total 9728K, used 416K [0x00000000d5580000, 0x00000000d6200000, 0x0000000100000000)
  eden space 7680K, 0% used [0x00000000d5580000,0x00000000d5580000,0x00000000d5d00000)
  from space 2048K, 20% used [0x00000000d5e00000,0x00000000d5e68000,0x00000000d6000000)
  to   space 1024K, 0% used [0x00000000d6100000,0x00000000d6100000,0x00000000d6200000)
 ParOldGen       total 1333760K, used 1333697K [0x0000000080000000, 0x00000000d1680000, 0x00000000d5580000)
  object space 1333760K, 99% used [0x0000000080000000,0x00000000d1670778,0x00000000d1680000)
 Metaspace       used 89541K, committed 91456K, reserved 1179648K
  class space    used 8925K, committed 9856K, reserved 1048576K
}
Event: 34625.829 GC heap before
{Heap before GC invocations=3343 (full 8):
 PSYoungGen      total 9728K, used 8095K [0x00000000d5580000, 0x00000000d6200000, 0x0000000100000000)
  eden space 7680K, 99% used [0x00000000d5580000,0x00000000d5cffff8,0x00000000d5d00000)
  from space 2048K, 20% used [0x00000000d5e00000,0x00000000d5e68000,0x00000000d6000000)
  to   space 1024K, 0% used [0x00000000d6100000,0x00000000d6100000,0x00000000d6200000)
 ParOldGen       total 1333760K, used 1333697K [0x0000000080000000, 0x00000000d1680000, 0x00000000d5580000)
  object space 1333760K, 99% used [0x0000000080000000,0x00000000d1670778,0x00000000d1680000)
 Metaspace       used 89541K, committed 91456K, reserved 1179648K
  class space    used 8925K, committed 9856K, reserved 1048576K
}
Event: 34625.833 GC heap after
{Heap after GC invocations=3343 (full 8):
 PSYoungGen      total 8192K, used 32K [0x00000000d5580000, 0x00000000d6180000, 0x0000000100000000)
  eden space 7680K, 0% used [0x00000000d5580000,0x00000000d5580000,0x00000000d5d00000)
  from space 512K, 6% used [0x00000000d6100000,0x00000000d6108000,0x00000000d6180000)
  to   space 512K, 0% used [0x00000000d6080000,0x00000000d6080000,0x00000000d6100000)
 ParOldGen       total 1334272K, used 1334001K [0x0000000080000000, 0x00000000d1700000, 0x00000000d5580000)
  object space 1334272K, 99% used [0x0000000080000000,0x00000000d16bc778,0x00000000d1700000)
 Metaspace       used 89541K, committed 91456K, reserved 1179648K
  class space    used 8925K, committed 9856K, reserved 1048576K
}
Event: 34625.874 GC heap before
{Heap before GC invocations=3344 (full 8):
 PSYoungGen      total 8192K, used 7712K [0x00000000d5580000, 0x00000000d6180000, 0x0000000100000000)
  eden space 7680K, 100% used [0x00000000d5580000,0x00000000d5d00000,0x00000000d5d00000)
  from space 512K, 6% used [0x00000000d6100000,0x00000000d6108000,0x00000000d6180000)
  to   space 512K, 0% used [0x00000000d6080000,0x00000000d6080000,0x00000000d6100000)
 ParOldGen       total 1334272K, used 1334001K [0x0000000080000000, 0x00000000d1700000, 0x00000000d5580000)
  object space 1334272K, 99% used [0x0000000080000000,0x00000000d16bc778,0x00000000d1700000)
 Metaspace       used 89541K, committed 91456K, reserved 1179648K
  class space    used 8925K, committed 9856K, reserved 1048576K
}
Event: 34625.878 GC heap after
{Heap after GC invocations=3344 (full 8):
 PSYoungGen      total 8192K, used 32K [0x00000000d5580000, 0x00000000d6180000, 0x0000000100000000)
  eden space 7680K, 0% used [0x00000000d5580000,0x00000000d5580000,0x00000000d5d00000)
  from space 512K, 6% used [0x00000000d6080000,0x00000000d6088000,0x00000000d6100000)
  to   space 512K, 0% used [0x00000000d6100000,0x00000000d6100000,0x00000000d6180000)
 ParOldGen       total 1334272K, used 1334001K [0x0000000080000000, 0x00000000d1700000, 0x00000000d5580000)
  object space 1334272K, 99% used [0x0000000080000000,0x00000000d16bc778,0x00000000d1700000)
 Metaspace       used 89541K, committed 91456K, reserved 1179648K
  class space    used 8925K, committed 9856K, reserved 1048576K
}
Event: 44644.585 GC heap before
{Heap before GC invocations=3345 (full 8):
 PSYoungGen      total 8192K, used 7712K [0x00000000d5580000, 0x00000000d6180000, 0x0000000100000000)
  eden space 7680K, 100% used [0x00000000d5580000,0x00000000d5d00000,0x00000000d5d00000)
  from space 512K, 6% used [0x00000000d6080000,0x00000000d6088000,0x00000000d6100000)
  to   space 512K, 0% used [0x00000000d6100000,0x00000000d6100000,0x00000000d6180000)
 ParOldGen       total 1334272K, used 1334001K [0x0000000080000000, 0x00000000d1700000, 0x00000000d5580000)
  object space 1334272K, 99% used [0x0000000080000000,0x00000000d16bc778,0x00000000d1700000)
 Metaspace       used 89542K, committed 91456K, reserved 1179648K
  class space    used 8925K, committed 9856K, reserved 1048576K
}
Event: 44644.635 GC heap after
{Heap after GC invocations=3345 (full 8):
 PSYoungGen      total 8192K, used 192K [0x00000000d5580000, 0x00000000d6180000, 0x0000000100000000)
  eden space 7680K, 0% used [0x00000000d5580000,0x00000000d5580000,0x00000000d5d00000)
  from space 512K, 37% used [0x00000000d6100000,0x00000000d6130000,0x00000000d6180000)
  to   space 512K, 0% used [0x00000000d6080000,0x00000000d6080000,0x00000000d6100000)
 ParOldGen       total 1334272K, used 1334001K [0x0000000080000000, 0x00000000d1700000, 0x00000000d5580000)
  object space 1334272K, 99% used [0x0000000080000000,0x00000000d16bc778,0x00000000d1700000)
 Metaspace       used 89542K, committed 91456K, reserved 1179648K
  class space    used 8925K, committed 9856K, reserved 1048576K
}

